# JRE version: Java(TM) SE Runtime Environment (12.0.2+10) (build 12.0.2+10)
# Java VM: Java HotSpot(TM) 64-Bit Server VM (12.0.2+10, mixed mode, sharing, tiered, compressed oops, g1 gc, windows-amd64)
Heap:
 garbage-first heap   total 54272K, used 22658K [0x0000000082000000, 0x0000000100000000)
  region size 1024K, 12 young (12288K), 1 survivors (1024K)
 Metaspace       used 10381K, capacity 12985K, committed 13056K, reserved 1060864K
  class space    used 1162K, capacity 1479K, committed 1536K, reserved 1048576K
GC Heap History (10 events):
Event: 0.914 GC heap before
{Heap before GC invocations=16 (full 0):
 garbage-first heap   total 15360K, used 8564K [0x0000000082000000, 0x0000000100000000)
  region size 1024K, 3 young (3072K), 1 survivors (1024K)
 Metaspace       used 8777K, capacity 11463K, committed 11648K, reserved 1058816K
  class space    used 1015K, capacity 1316K, committed 1408K, reserved 1048576K
}
Event: 0.916 GC heap after
{Heap after GC invocations=17 (full 0):
 garbage-first heap   total 24576K, used 6858K [0x0000000082000000, 0x0000000100000000)
  region size 1024K, 1 young (1024K), 1 survivors (1024K)
 Metaspace       used 8777K, capacity 11463K, committed 11648K, reserved 1058816K
  class space    used 1015K, capacity 1316K, committed 1408K, reserved 1048576K
}
Event: 0.952 GC heap before
{Heap before GC invocations=17 (full 0):
 garbage-first heap   total 24576K, used 13002K [0x0000000082000000, 0x0000000100000000)
  region size 1024K, 7 young (7168K), 1 survivors (1024K)
 Metaspace       used 8863K, capacity 11546K, committed 11648K, reserved 1058816K
  class space    used 1021K, capacity 1322K, committed 1408K, reserved 1048576K
}
Event: 0.955 GC heap after
{Heap after GC invocations=18 (full 0):
 garbage-first heap   total 24576K, used 7970K [0x0000000082000000, 0x0000000100000000)
  region size 1024K, 1 young (1024K), 1 survivors (1024K)
 Metaspace       used 8863K, capacity 11546K, committed 11648K, reserved 1058816K
  class space    used 1021K, capacity 1322K, committed 1408K, reserved 1048576K
}
Event: 0.984 GC heap before
{Heap before GC invocations=18 (full 0):
 garbage-first heap   total 24576K, used 13090K [0x0000000082000000, 0x0000000100000000)
  region size 1024K, 7 young (7168K), 1 survivors (1024K)
 Metaspace       used 8896K, capacity 11552K, committed 11648K, reserved 1058816K
  class space    used 1023K, capacity 1324K, committed 1408K, reserved 1048576K
}
Event: 0.988 GC heap after
{Heap after GC invocations=19 (full 0):
 garbage-first heap   total 24576K, used 9437K [0x0000000082000000, 0x0000000100000000)
  region size 1024K, 1 young (1024K), 1 survivors (1024K)
 Metaspace       used 8896K, capacity 11552K, committed 11648K, reserved 1058816K
  class space    used 1023K, capacity 1324K, committed 1408K, reserved 1048576K
}
Event: 1.054 GC heap before
{Heap before GC invocations=19 (full 0):
 garbage-first heap   total 24576K, used 13533K [0x0000000082000000, 0x0000000100000000)
  region size 1024K, 6 young (6144K), 1 survivors (1024K)
 Metaspace       used 9332K, capacity 12024K, committed 12160K, reserved 1060864K
  class space    used 1066K, capacity 1374K, committed 1408K, reserved 1048576K
}
Event: 1.058 GC heap after
{Heap after GC invocations=20 (full 0):
 garbage-first heap   total 24576K, used 10401K [0x0000000082000000, 0x0000000100000000)
  region size 1024K, 1 young (1024K), 1 survivors (1024K)
 Metaspace       used 9332K, capacity 12024K, committed 12160K, reserved 1060864K
  class space    used 1066K, capacity 1374K, committed 1408K, reserved 1048576K
}
Event: 1.138 GC heap before
{Heap before GC invocations=20 (full 0):
 garbage-first heap   total 24576K, used 16545K [0x0000000082000000, 0x0000000100000000)
  region size 1024K, 6 young (6144K), 1 survivors (1024K)
 Metaspace       used 9728K, capacity 12331K, committed 12544K, reserved 1060864K
  class space    used 1118K, capacity 1434K, committed 1536K, reserved 1048576K
}
Event: 1.142 GC heap after
{Heap after GC invocations=21 (full 0):
 garbage-first heap   total 54272K, used 12418K [0x0000000082000000, 0x0000000100000000)
  region size 1024K, 1 young (1024K), 1 survivors (1024K)
 Metaspace       used 9728K, capacity 12331K, committed 12544K, reserved 1060864K
  class space    used 1118K, capacity 1434K, committed 1536K, reserved 1048576K
}

